<?xml version="1.0" encoding="UTF-8"?>
<!-- Generated by org.testng.reporters.JUnitXMLReporter -->
<testsuite ignored="1" hostname="Ahmad" failures="0" tests="3" name="Default test" time="0.05" errors="0" timestamp="2024-05-15T12:38:59 EDT">
  <testcase classname="JavaPkg.E_Strings" name="StringsBasicsOne" time="0.009"/>
  <testcase classname="JavaPkg.E_Strings" name="StrinsSplitting_A" time="0.001"/>
  <testcase classname="JavaPkg.E_Strings" name="StrinsSplitting_B" time="0.0"/>
  <testcase classname="JavaPkg.E_Strings" name="StringBasicsTwo" time="0.0">
    <ignored/>
  </testcase> <!-- StringBasicsTwo -->
</testsuite> <!-- Default test -->
