<?xml version="1.0" encoding="UTF-8"?>
<testng-results ignored="0" total="1" passed="1" failed="0" skipped="0">
  <reporter-output>
  </reporter-output>
  <suite started-at="2023-09-14T23:17:38 EDT" name="Default suite" finished-at="2023-09-14T23:17:38 EDT" duration-ms="44">
    <groups>
    </groups>
    <test started-at="2023-09-14T23:17:38 EDT" name="Default test" finished-at="2023-09-14T23:17:38 EDT" duration-ms="44">
      <class name="JavaPkg.D_2_Static_methods2">
        <test-method signature="D_write()[pri:0, instance:JavaPkg.D_2_Static_methods2@2cdd0d4b]" started-at="2023-09-14T23:17:38 EDT" name="D_write" finished-at="2023-09-14T23:17:38 EDT" duration-ms="8" status="PASS">
          <reporter-output>
          </reporter-output>
        </test-method> <!-- D_write -->
      </class> <!-- JavaPkg.D_2_Static_methods2 -->
    </test> <!-- Default test -->
  </suite> <!-- Default suite -->
</testng-results>
