<?xml version="1.0" encoding="UTF-8"?>
<testng-results ignored="0" total="1" passed="1" failed="0" skipped="0">
  <reporter-output>
  </reporter-output>
  <suite started-at="2023-02-12T23:13:38 EST" name="Default suite" finished-at="2023-02-12T23:13:38 EST" duration-ms="47">
    <groups>
    </groups>
    <test started-at="2023-02-12T23:13:38 EST" name="Default test" finished-at="2023-02-12T23:13:38 EST" duration-ms="47">
      <class name="ThisKeyword.demo">
        <test-method signature="getData()[pri:0, instance:ThisKeyword.demo@6c779568]" started-at="2023-02-12T23:13:38 EST" name="getData" finished-at="2023-02-12T23:13:38 EST" duration-ms="10" status="PASS">
          <reporter-output>
          </reporter-output>
        </test-method> <!-- getData -->
      </class> <!-- ThisKeyword.demo -->
    </test> <!-- Default test -->
  </suite> <!-- Default suite -->
</testng-results>
