<?xml version="1.0" encoding="UTF-8"?>
<!-- Generated by org.testng.reporters.JUnitReportReporter -->
<testsuite hostname="Ahmad" failures="0" tests="3" name="JavaPkg.U_dataProvider" time="0.010" errors="0" timestamp="2024-05-14T22:10:57 EDT" skipped="0">
  <testcase classname="JavaPkg.U_dataProvider" name="login" time="0.001"/>
  <system-out/>
  <testcase classname="JavaPkg.U_dataProvider" name="login" time="0.001"/>
  <system-out/>
  <testcase classname="JavaPkg.U_dataProvider" name="login" time="0.008"/>
  <system-out/>
</testsuite> <!-- JavaPkg.U_dataProvider -->
